Copyright 1986-2017 Xilinx, Inc. All Rights Reserved.
------------------------------------------------------------------------------------
| Tool Version : Vivado v.2017.4 (win64) Build 2086221 Fri Dec 15 20:55:39 MST 2017
| Date         : Sat Apr 20 15:57:24 2019
| Host         : LAPTOP-RB0P3CIU running 64-bit major release  (build 9200)
| Command      : upgrade_ip
| Device       : xc7vx485tffg1157-1
------------------------------------------------------------------------------------

Upgrade Log for IP 'float2fixed'

1. Summary
----------

SUCCESS in the upgrade of float2fixed (xilinx.com:ip:floating_point:7.1) from (Rev. 4) to (Rev. 5)






Copyright 1986-2017 Xilinx, Inc. All Rights Reserved.
------------------------------------------------------------------------------------
| Tool Version : Vivado v.2017.4 (win64) Build 2086221 Fri Dec 15 20:55:39 MST 2017
| Date         : Sat Apr 20 15:56:52 2019
| Host         : LAPTOP-RB0P3CIU running 64-bit major release  (build 9200)
| Command      : upgrade_ip
| Device       : xc7vx485tffg1157-1
------------------------------------------------------------------------------------

Upgrade Log for IP 'ln_ip'

1. Summary
----------

SUCCESS in the upgrade of ln_ip (xilinx.com:ip:floating_point:7.1) from (Rev. 4) to (Rev. 5)






Copyright 1986-2017 Xilinx, Inc. All Rights Reserved.
------------------------------------------------------------------------------------
| Tool Version : Vivado v.2017.4 (win64) Build 2086221 Fri Dec 15 20:55:39 MST 2017
| Date         : Sat Apr 20 15:56:41 2019
| Host         : LAPTOP-RB0P3CIU running 64-bit major release  (build 9200)
| Command      : upgrade_ip
| Device       : xc7vx485tffg1157-1
------------------------------------------------------------------------------------

Upgrade Log for IP 'fixed2float'

1. Summary
----------

SUCCESS in the upgrade of fixed2float (xilinx.com:ip:floating_point:7.1) from (Rev. 4) to (Rev. 5)






Copyright 1986-2017 Xilinx, Inc. All Rights Reserved.
------------------------------------------------------------------------------------
| Tool Version : Vivado v.2017.4 (win64) Build 2086221 Fri Dec 15 20:55:39 MST 2017
| Date         : Sat Apr 20 15:56:20 2019
| Host         : LAPTOP-RB0P3CIU running 64-bit major release  (build 9200)
| Command      : upgrade_ip
| Device       : xc7vx485tffg1157-1
------------------------------------------------------------------------------------

Upgrade Log for IP 'mult'

1. Summary
----------

SUCCESS in the upgrade of mult (xilinx.com:ip:mult_gen:12.0) from (Rev. 12) to (Rev. 13)






Copyright 1986-2017 Xilinx, Inc. All Rights Reserved.
------------------------------------------------------------------------------------
| Tool Version : Vivado v.2017.4 (win64) Build 2086221 Fri Dec 15 20:55:39 MST 2017
| Date         : Sat Apr 20 15:56:06 2019
| Host         : LAPTOP-RB0P3CIU running 64-bit major release  (build 9200)
| Command      : upgrade_ip
| Device       : xc7vx485tffg1157-1
------------------------------------------------------------------------------------

Upgrade Log for IP 'mult_dct'

1. Summary
----------

SUCCESS in the upgrade of mult_dct (xilinx.com:ip:mult_gen:12.0) from (Rev. 12) to (Rev. 13)






Copyright 1986-2017 Xilinx, Inc. All Rights Reserved.
------------------------------------------------------------------------------------
| Tool Version : Vivado v.2017.4 (win64) Build 2086221 Fri Dec 15 20:55:39 MST 2017
| Date         : Sat Apr 20 15:55:47 2019
| Host         : LAPTOP-RB0P3CIU running 64-bit major release  (build 9200)
| Command      : upgrade_ip
| Device       : xc7vx485tffg1157-1
------------------------------------------------------------------------------------

Upgrade Log for IP 'dct_ram'

1. Summary
----------

SUCCESS in the upgrade of dct_ram from xilinx.com:ip:blk_mem_gen:8.3 (Rev. 6) to xilinx.com:ip:blk_mem_gen:8.4 (Rev. 1)






Copyright 1986-2017 Xilinx, Inc. All Rights Reserved.
------------------------------------------------------------------------------------
| Tool Version : Vivado v.2017.4 (win64) Build 2086221 Fri Dec 15 20:55:39 MST 2017
| Date         : Sat Apr 20 15:55:27 2019
| Host         : LAPTOP-RB0P3CIU running 64-bit major release  (build 9200)
| Command      : upgrade_ip
| Device       : xc7vx485tffg1157-1
------------------------------------------------------------------------------------

Upgrade Log for IP 'fil_ram'

1. Summary
----------

SUCCESS in the upgrade of fil_ram from xilinx.com:ip:blk_mem_gen:8.3 (Rev. 6) to xilinx.com:ip:blk_mem_gen:8.4 (Rev. 1)






Copyright 1986-2017 Xilinx, Inc. All Rights Reserved.
------------------------------------------------------------------------------------
| Tool Version : Vivado v.2017.4 (win64) Build 2086221 Fri Dec 15 20:55:39 MST 2017
| Date         : Sat Apr 20 15:36:36 2019
| Host         : LAPTOP-RB0P3CIU running 64-bit major release  (build 9200)
| Command      : upgrade_ip
| Device       : xc7vx485tffg1157-1
------------------------------------------------------------------------------------

Upgrade Log for IP 'fft'

1. Summary
----------

SUCCESS in the upgrade of fft (xilinx.com:ip:xfft:9.0) from (Rev. 12) to (Rev. 14)






Copyright 1986-2017 Xilinx, Inc. All Rights Reserved.
------------------------------------------------------------------------------------
| Tool Version : Vivado v.2017.4 (win64) Build 2086221 Fri Dec 15 20:55:39 MST 2017
| Date         : Sat Apr 20 15:35:55 2019
| Host         : LAPTOP-RB0P3CIU running 64-bit major release  (build 9200)
| Command      : upgrade_ip
| Device       : xc7vx485tffg1157-1
------------------------------------------------------------------------------------

Upgrade Log for IP 'ham_ram'

1. Summary
----------

SUCCESS in the upgrade of ham_ram from xilinx.com:ip:blk_mem_gen:8.3 (Rev. 6) to xilinx.com:ip:blk_mem_gen:8.4 (Rev. 1)

