#-----------------------------------------------------------
# Vivado v2017.4 (64-bit)
# SW Build 2086221 on Fri Dec 15 20:55:39 MST 2017
# IP Build 2085800 on Fri Dec 15 22:25:07 MST 2017
# Start of session at: Sun May  5 20:19:02 2019
# Process ID: 9184
# Current directory: D:/Vivado/Project/verilog_demo/mfcc/project_1
# Command line: vivado.exe -gui_launcher_event rodinguilauncherevent3520 D:\Vivado\Project\verilog_demo\mfcc\project_1\project_1.xpr
# Log file: D:/Vivado/Project/verilog_demo/mfcc/project_1/vivado.log
# Journal file: D:/Vivado/Project/verilog_demo/mfcc/project_1\vivado.jou
#-----------------------------------------------------------
start_gui
open_project D:/Vivado/Project/verilog_demo/mfcc/project_1/project_1.xpr
INFO: [Project 1-313] Project file moved from 'D:/Vivado/Project/mfcc/project_1' since last save.
Scanning sources...
Finished scanning sources
INFO: [IP_Flow 19-234] Refreshing IP repositories
INFO: [IP_Flow 19-1704] No user IP repositories specified
INFO: [IP_Flow 19-2313] Loaded Vivado IP repository 'D:/Vivado/Vivado/2017.4/data/ip'.
open_project: Time (s): cpu = 00:00:17 ; elapsed = 00:00:09 . Memory (MB): peak = 824.648 ; gain = 125.344
update_compile_order -fileset sources_1
exit
INFO: [Common 17-206] Exiting Vivado at Sun May  5 20:20:04 2019...
