Exception at PC 0x00007FFBF6A69149
Exception at PC 0x00007FFBF6A69149
Exception at PC 0x00007FFBF6A69149
Exception at PC 0x00007FFBF6A69149
Exception at PC 0x00007FFB7B45E132
Attemped to write at address 0x00007FFBB5094AA4
Printing stacktrace...

[0]  [0x00007FFB7B45E132]
[1]  [0x00007FFB7B45E132]
[2]  [0x00007FFB7B45E194]
[3]  [0x00007FFB7B0AD0D7]
[4]  [0x00007FFB7AF92BCA]
[5]  [0x00007FFB7AF92FD1]
[6]  [0x00007FFB7B45EB2F]
[7]  [0x00007FFB7B31C19D]
[8]  [0x00007FFB7B315942]
[9]  [0x00007FFB7B315AB5]
[10] (RtlAnsiStringToUnicodeString+0x297) [0x00007FFBFA908F07]
[11] (LdrShutdownProcess+0x12c) [0x00007FFBFA9035BC]
[12] (RtlExitUserProcess+0xad) [0x00007FFBFA926DAD]
[13] (FatalExit+0xa) [0x00007FFBFA5ED3BA]
[14] (exit+0x85) [0x00007FFBF86EA2B5]
[15] (initterm_e+0x245) [0x00007FFBF86EA925]
[16]  [0x00000000004014CD]
[17]  [0x000000000040151B]
[18] (BaseThreadInitThunk+0x14) [0x00007FFBFA5E81F4]
[19] (RtlUserThreadStart+0x21) [0x00007FFBFA92A251]
Done
