#-----------------------------------------------------------
# Vivado v2017.4 (64-bit)
# SW Build 2086221 on Fri Dec 15 20:55:39 MST 2017
# IP Build 2085800 on Fri Dec 15 22:25:07 MST 2017
# Start of session at: Fri May  3 16:01:00 2019
# Process ID: 17208
# Current directory: D:/Vivado/Project/verilog_demo/FIFO
# Command line: vivado.exe -gui_launcher_event rodinguilauncherevent14052 D:\Vivado\Project\verilog_demo\FIFO\FIFO.xpr
# Log file: D:/Vivado/Project/verilog_demo/FIFO/vivado.log
# Journal file: D:/Vivado/Project/verilog_demo/FIFO\vivado.jou
#-----------------------------------------------------------
start_gui
open_project D:/Vivado/Project/verilog_demo/FIFO/FIFO.xpr
INFO: [Project 1-313] Project file moved from 'D:/Vivado/Project/FIFO' since last save.
Scanning sources...
Finished scanning sources
INFO: [IP_Flow 19-234] Refreshing IP repositories
INFO: [IP_Flow 19-1704] No user IP repositories specified
INFO: [IP_Flow 19-2313] Loaded Vivado IP repository 'D:/Vivado/Vivado/2017.4/data/ip'.
open_project: Time (s): cpu = 00:00:12 ; elapsed = 00:00:06 . Memory (MB): peak = 790.500 ; gain = 96.840
update_compile_order -fileset sources_1
exit
INFO: [Common 17-206] Exiting Vivado at Fri May  3 16:01:54 2019...
